[2025-03-06 11:27:23] [INFO    ] discord.client: logging in using static token
[2025-03-06 11:27:24] [INFO    ] discord.gateway: Shard ID None has connected to Gateway (Session ID: 2b808f6cbf1301b13bfa73346f6f4868).
[2025-03-06 11:27:47] [INFO    ] discord.voice_state: Connecting to voice...
[2025-03-06 11:27:47] [INFO    ] discord.voice_state: Starting voice handshake... (connection attempt 1)
[2025-03-06 11:27:47] [INFO    ] discord.voice_state: Voice handshake complete. Endpoint found: us-central295.discord.media
[2025-03-06 11:27:47] [INFO    ] discord.voice_state: Voice connection complete.
[2025-03-06 11:28:54] [INFO    ] discord.player: ffmpeg process 125636 successfully terminated with return code of 0.
[2025-03-06 11:28:59] [INFO    ] discord.player: ffmpeg process 125641 successfully terminated with return code of 0.
[2025-03-06 11:29:04] [INFO    ] discord.player: ffmpeg process 125645 successfully terminated with return code of 0.
[2025-03-06 11:29:22] [INFO    ] discord.voice_state: The voice handshake is being terminated for Channel ID 1339030117430853708 (Guild ID 134415388233433089)
[2025-03-06 11:49:37] [INFO    ] discord.gateway: Shard ID None has successfully RESUMED session 2b808f6cbf1301b13bfa73346f6f4868.
[2025-03-06 11:57:03] [INFO    ] discord.gateway: Shard ID None has successfully RESUMED session 2b808f6cbf1301b13bfa73346f6f4868.
[2025-03-06 12:27:00] [INFO    ] discord.gateway: Shard ID None has successfully RESUMED session 2b808f6cbf1301b13bfa73346f6f4868.
[2025-03-06 12:40:43] [INFO    ] discord.gateway: Shard ID None has successfully RESUMED session 2b808f6cbf1301b13bfa73346f6f4868.
[2025-03-06 13:51:57] [INFO    ] discord.gateway: Shard ID None has successfully RESUMED session 2b808f6cbf1301b13bfa73346f6f4868.
[2025-03-06 15:53:18] [INFO    ] discord.gateway: Shard ID None has successfully RESUMED session 2b808f6cbf1301b13bfa73346f6f4868.
[2025-03-06 15:56:03] [INFO    ] discord.gateway: Shard ID None has successfully RESUMED session 2b808f6cbf1301b13bfa73346f6f4868.
[2025-03-06 18:18:40] [INFO    ] discord.gateway: Shard ID None has successfully RESUMED session 2b808f6cbf1301b13bfa73346f6f4868.
[2025-03-06 18:43:25] [INFO    ] discord.gateway: Shard ID None has successfully RESUMED session 2b808f6cbf1301b13bfa73346f6f4868.
[2025-03-06 19:32:51] [INFO    ] discord.voice_state: Connecting to voice...
[2025-03-06 19:32:51] [INFO    ] discord.voice_state: Starting voice handshake... (connection attempt 1)
[2025-03-06 19:32:51] [INFO    ] discord.voice_state: Voice handshake complete. Endpoint found: us-central8865.discord.media
[2025-03-06 19:32:51] [INFO    ] discord.voice_state: Voice connection complete.
Fatal (internal) error in silk/resampler.c, line 184: assertion failed: inLen >= S->Fs_in_kHz
av_interleaved_write_frame(): Broken pipe
av_interleaved_write_frame(): Broken pipe
Error writing trailer of pipe:1: Broken pipe
Error closing file pipe:1: Broken pipe
av_interleaved_write_frame(): Broken pipe
Error writing trailer of pipe:1: Broken pipe
Error closing file pipe:1: Broken pipe
Error writing trailer of pipe:1: Broken pipe
Error closing file pipe:1: Broken pipe
[2025-03-06 19:41:13] [INFO    ] discord.client: logging in using static token
[2025-03-06 19:41:13] [INFO    ] discord.gateway: Shard ID None has connected to Gateway (Session ID: 82a15a5dfd363d1e90e1ad0f865937a6).
BOT AWAKE AND READY
Task exception was never retrieved
future: <Task finished name='discord.py: on_message' coro=<Client._run_event() done, defined at /home/lucassukeunkim/myenv/lib/python3.11/site-packages/discord/client.py:441> exception=SystemExit()>
Traceback (most recent call last):
  File "/home/lucassukeunkim/myenv/lib/python3.11/site-packages/discord/client.py", line 869, in run
    asyncio.run(runner())
  File "/usr/lib/python3.11/asyncio/runners.py", line 190, in run
    return runner.run(main)
           ^^^^^^^^^^^^^^^^
  File "/usr/lib/python3.11/asyncio/runners.py", line 118, in run
    return self._loop.run_until_complete(task)
           ^^^^^^^^^^^^^^^^^^^^^^^^^^^^^^^^^^^
  File "/usr/lib/python3.11/asyncio/base_events.py", line 640, in run_until_complete
    self.run_forever()
  File "/usr/lib/python3.11/asyncio/base_events.py", line 607, in run_forever
    self._run_once()
  File "/usr/lib/python3.11/asyncio/base_events.py", line 1922, in _run_once
    handle._run()
  File "/usr/lib/python3.11/asyncio/events.py", line 80, in _run
    self._context.run(self._callback, *self._args)
  File "/home/lucassukeunkim/myenv/lib/python3.11/site-packages/discord/client.py", line 449, in _run_event
    await coro(*args, **kwargs)
  File "/home/lucassukeunkim/scuffed_discord_bot/bot.py", line 278, in on_message
    await bot.process_commands(message)
  File "/home/lucassukeunkim/myenv/lib/python3.11/site-packages/discord/ext/commands/bot.py", line 1408, in process_commands
    await self.invoke(ctx)  # type: ignore
    ^^^^^^^^^^^^^^^^^^^^^^
  File "/home/lucassukeunkim/myenv/lib/python3.11/site-packages/discord/ext/commands/bot.py", line 1366, in invoke
    await ctx.command.invoke(ctx)
  File "/home/lucassukeunkim/myenv/lib/python3.11/site-packages/discord/ext/commands/core.py", line 1029, in invoke
    await injected(*ctx.args, **ctx.kwargs)  # type: ignore
    ^^^^^^^^^^^^^^^^^^^^^^^^^^^^^^^^^^^^^^^
  File "/home/lucassukeunkim/myenv/lib/python3.11/site-packages/discord/ext/commands/core.py", line 235, in wrapped
    ret = await coro(*args, **kwargs)
          ^^^^^^^^^^^^^^^^^^^^^^^^^^^
  File "/home/lucassukeunkim/scuffed_discord_bot/bot.py", line 2071, in kys
    sys.exit()
SystemExit
[2025-03-06 20:59:33] [INFO    ] discord.client: logging in using static token
[2025-03-06 20:59:34] [INFO    ] discord.gateway: Shard ID None has connected to Gateway (Session ID: 0a93c686001a2c9d49118bbcec1b4cf8).
[2025-03-06 21:04:32] [WARNING ] discord.gateway: Shard ID None heartbeat blocked for more than 10 seconds.
Loop thread traceback (most recent call last):
  File "/home/lucassukeunkim/scuffed_discord_bot/bot.py", line 2088, in <module>
    bot.run(BOT_TOKEN, reconnect=True)
  File "/home/lucassukeunkim/myenv/lib/python3.11/site-packages/discord/client.py", line 869, in run
    asyncio.run(runner())
  File "/usr/lib/python3.11/asyncio/runners.py", line 190, in run
    return runner.run(main)
  File "/usr/lib/python3.11/asyncio/runners.py", line 118, in run
    return self._loop.run_until_complete(task)
  File "/usr/lib/python3.11/asyncio/base_events.py", line 640, in run_until_complete
    self.run_forever()
  File "/usr/lib/python3.11/asyncio/base_events.py", line 607, in run_forever
    self._run_once()
  File "/usr/lib/python3.11/asyncio/base_events.py", line 1922, in _run_once
    handle._run()
  File "/usr/lib/python3.11/asyncio/events.py", line 80, in _run
    self._context.run(self._callback, *self._args)
  File "/home/lucassukeunkim/myenv/lib/python3.11/site-packages/discord/client.py", line 449, in _run_event
    await coro(*args, **kwargs)
  File "/home/lucassukeunkim/scuffed_discord_bot/bot.py", line 278, in on_message
    await bot.process_commands(message)
  File "/home/lucassukeunkim/myenv/lib/python3.11/site-packages/discord/ext/commands/bot.py", line 1408, in process_commands
    await self.invoke(ctx)  # type: ignore
  File "/home/lucassukeunkim/myenv/lib/python3.11/site-packages/discord/ext/commands/bot.py", line 1366, in invoke
    await ctx.command.invoke(ctx)
  File "/home/lucassukeunkim/myenv/lib/python3.11/site-packages/discord/ext/commands/core.py", line 1029, in invoke
    await injected(*ctx.args, **ctx.kwargs)  # type: ignore
  File "/home/lucassukeunkim/myenv/lib/python3.11/site-packages/discord/ext/commands/core.py", line 235, in wrapped
    ret = await coro(*args, **kwargs)
  File "/home/lucassukeunkim/scuffed_discord_bot/bot.py", line 1758, in update
    result = subprocess.run(["git", "pull", "origin", "main"], capture_output=True, text=True)
  File "/usr/lib/python3.11/subprocess.py", line 550, in run
    stdout, stderr = process.communicate(input, timeout=timeout)
  File "/usr/lib/python3.11/subprocess.py", line 1207, in communicate
    stdout, stderr = self._communicate(input, endtime, timeout)
  File "/usr/lib/python3.11/subprocess.py", line 2059, in _communicate
    ready = selector.select(timeout)
  File "/usr/lib/python3.11/selectors.py", line 415, in select
    fd_event_list = self._selector.poll(timeout)

[2025-03-06 21:06:48] [INFO    ] discord.client: logging in using static token
[2025-03-06 21:06:49] [INFO    ] discord.gateway: Shard ID None has connected to Gateway (Session ID: e5f1f7d8893d54e71d962cf15ad9c20c).
[2025-03-06 21:09:08] [INFO    ] discord.voice_state: Connecting to voice...
[2025-03-06 21:09:08] [INFO    ] discord.voice_state: Starting voice handshake... (connection attempt 1)
[2025-03-06 21:09:08] [INFO    ] discord.voice_state: Voice handshake complete. Endpoint found: us-central400.discord.media
[2025-03-06 21:09:08] [INFO    ] discord.voice_state: Voice connection complete.
[2025-03-06 21:09:17] [INFO    ] discord.player: ffmpeg process 131587 successfully terminated with return code of 0.
[2025-03-06 21:09:22] [INFO    ] discord.player: ffmpeg process 131594 successfully terminated with return code of 0.
[2025-03-06 21:09:27] [INFO    ] discord.player: ffmpeg process 131600 successfully terminated with return code of 0.
[2025-03-06 21:09:30] [INFO    ] discord.player: ffmpeg process 131604 successfully terminated with return code of 0.
[2025-03-06 21:09:35] [INFO    ] discord.player: ffmpeg process 131610 successfully terminated with return code of 0.
[2025-03-06 21:09:40] [INFO    ] discord.player: ffmpeg process 131615 successfully terminated with return code of 0.
[2025-03-06 21:24:28] [INFO    ] discord.voice_state: The voice handshake is being terminated for Channel ID 1339030117430853708 (Guild ID 134415388233433089)
[2025-03-06 22:17:06] [INFO    ] discord.gateway: Shard ID None has successfully RESUMED session e5f1f7d8893d54e71d962cf15ad9c20c.
[2025-03-07 00:22:50] [INFO    ] discord.gateway: Shard ID None has successfully RESUMED session e5f1f7d8893d54e71d962cf15ad9c20c.
[2025-03-07 02:07:04] [INFO    ] discord.gateway: Shard ID None has successfully RESUMED session e5f1f7d8893d54e71d962cf15ad9c20c.
[2025-03-07 04:07:49] [INFO    ] discord.gateway: Shard ID None has successfully RESUMED session e5f1f7d8893d54e71d962cf15ad9c20c.
[2025-03-07 08:02:21] [INFO    ] discord.gateway: Shard ID None has successfully RESUMED session e5f1f7d8893d54e71d962cf15ad9c20c.
[2025-03-07 08:21:37] [INFO    ] discord.gateway: Shard ID None has successfully RESUMED session e5f1f7d8893d54e71d962cf15ad9c20c.
[2025-03-07 09:43:28] [INFO    ] discord.gateway: Shard ID None has successfully RESUMED session e5f1f7d8893d54e71d962cf15ad9c20c.
[2025-03-07 09:44:29] [INFO    ] discord.gateway: Shard ID None has successfully RESUMED session e5f1f7d8893d54e71d962cf15ad9c20c.
[2025-03-07 11:00:13] [INFO    ] discord.gateway: Shard ID None has successfully RESUMED session e5f1f7d8893d54e71d962cf15ad9c20c.
[2025-03-07 12:35:06] [INFO    ] discord.gateway: Shard ID None has successfully RESUMED session e5f1f7d8893d54e71d962cf15ad9c20c.
[2025-03-07 14:23:17] [INFO    ] discord.gateway: Shard ID None has successfully RESUMED session e5f1f7d8893d54e71d962cf15ad9c20c.
[2025-03-07 15:12:30] [INFO    ] discord.gateway: Shard ID None has successfully RESUMED session e5f1f7d8893d54e71d962cf15ad9c20c.
[2025-03-07 16:18:33] [INFO    ] discord.gateway: Shard ID None has successfully RESUMED session e5f1f7d8893d54e71d962cf15ad9c20c.
[2025-03-07 18:32:25] [INFO    ] discord.gateway: Shard ID None has successfully RESUMED session e5f1f7d8893d54e71d962cf15ad9c20c.
[2025-03-07 19:07:39] [INFO    ] discord.gateway: Shard ID None has successfully RESUMED session e5f1f7d8893d54e71d962cf15ad9c20c.
[2025-03-07 20:20:06] [INFO    ] discord.gateway: Shard ID None has successfully RESUMED session e5f1f7d8893d54e71d962cf15ad9c20c.
[2025-03-07 21:15:19] [INFO    ] discord.gateway: Shard ID None has successfully RESUMED session e5f1f7d8893d54e71d962cf15ad9c20c.
[2025-03-08 01:06:32] [INFO    ] discord.gateway: Shard ID None has successfully RESUMED session e5f1f7d8893d54e71d962cf15ad9c20c.
[2025-03-08 01:47:17] [INFO    ] discord.gateway: Shard ID None has successfully RESUMED session e5f1f7d8893d54e71d962cf15ad9c20c.
[2025-03-08 03:34:05] [INFO    ] discord.gateway: Shard ID None has successfully RESUMED session e5f1f7d8893d54e71d962cf15ad9c20c.
[2025-03-08 06:11:52] [INFO    ] discord.gateway: Shard ID None has successfully RESUMED session e5f1f7d8893d54e71d962cf15ad9c20c.
[2025-03-08 09:49:14] [INFO    ] discord.gateway: Shard ID None has successfully RESUMED session e5f1f7d8893d54e71d962cf15ad9c20c.
[2025-03-08 10:30:37] [INFO    ] discord.gateway: Shard ID None has successfully RESUMED session e5f1f7d8893d54e71d962cf15ad9c20c.
[2025-03-08 12:47:17] [INFO    ] discord.gateway: Shard ID None has successfully RESUMED session e5f1f7d8893d54e71d962cf15ad9c20c.
[2025-03-08 13:06:42] [INFO    ] discord.gateway: Shard ID None has successfully RESUMED session e5f1f7d8893d54e71d962cf15ad9c20c.
[2025-03-08 13:19:26] [INFO    ] discord.gateway: Shard ID None has successfully RESUMED session e5f1f7d8893d54e71d962cf15ad9c20c.
[2025-03-08 14:25:26] [INFO    ] discord.gateway: Shard ID None has successfully RESUMED session e5f1f7d8893d54e71d962cf15ad9c20c.
[2025-03-08 15:19:46] [INFO    ] discord.gateway: Shard ID None has successfully RESUMED session e5f1f7d8893d54e71d962cf15ad9c20c.
[2025-03-08 16:21:05] [INFO    ] discord.gateway: Shard ID None has successfully RESUMED session e5f1f7d8893d54e71d962cf15ad9c20c.
[2025-03-08 19:23:57] [INFO    ] discord.gateway: Shard ID None has successfully RESUMED session e5f1f7d8893d54e71d962cf15ad9c20c.
[2025-03-08 20:34:48] [INFO    ] discord.gateway: Shard ID None has successfully RESUMED session e5f1f7d8893d54e71d962cf15ad9c20c.
[2025-03-08 23:40:53] [INFO    ] discord.gateway: Shard ID None has successfully RESUMED session e5f1f7d8893d54e71d962cf15ad9c20c.
[2025-03-09 03:02:32] [INFO    ] discord.gateway: Shard ID None has successfully RESUMED session e5f1f7d8893d54e71d962cf15ad9c20c.
[2025-03-09 04:04:24] [INFO    ] discord.gateway: Shard ID None has successfully RESUMED session e5f1f7d8893d54e71d962cf15ad9c20c.
[2025-03-09 05:14:08] [INFO    ] discord.gateway: Shard ID None has successfully RESUMED session e5f1f7d8893d54e71d962cf15ad9c20c.
[2025-03-09 07:12:57] [INFO    ] discord.gateway: Shard ID None has successfully RESUMED session e5f1f7d8893d54e71d962cf15ad9c20c.
[2025-03-09 08:37:33] [INFO    ] discord.gateway: Shard ID None has successfully RESUMED session e5f1f7d8893d54e71d962cf15ad9c20c.
[2025-03-09 11:50:37] [INFO    ] discord.gateway: Shard ID None has successfully RESUMED session e5f1f7d8893d54e71d962cf15ad9c20c.
[2025-03-09 14:33:50] [INFO    ] discord.gateway: Shard ID None has successfully RESUMED session e5f1f7d8893d54e71d962cf15ad9c20c.
[2025-03-09 15:29:47] [INFO    ] discord.gateway: Shard ID None has successfully RESUMED session e5f1f7d8893d54e71d962cf15ad9c20c.
[2025-03-09 15:30:26] [INFO    ] discord.gateway: Shard ID None has successfully RESUMED session e5f1f7d8893d54e71d962cf15ad9c20c.
[2025-03-09 15:39:47] [INFO    ] discord.gateway: Shard ID None has successfully RESUMED session e5f1f7d8893d54e71d962cf15ad9c20c.
[2025-03-09 16:41:48] [INFO    ] discord.gateway: Shard ID None has successfully RESUMED session e5f1f7d8893d54e71d962cf15ad9c20c.
[2025-03-09 20:12:15] [INFO    ] discord.gateway: Shard ID None has successfully RESUMED session e5f1f7d8893d54e71d962cf15ad9c20c.
[2025-03-09 20:42:14] [INFO    ] discord.gateway: Shard ID None has successfully RESUMED session e5f1f7d8893d54e71d962cf15ad9c20c.
[2025-03-10 00:10:17] [INFO    ] discord.gateway: Shard ID None has successfully RESUMED session e5f1f7d8893d54e71d962cf15ad9c20c.
[2025-03-10 04:02:38] [INFO    ] discord.gateway: Shard ID None has successfully RESUMED session e5f1f7d8893d54e71d962cf15ad9c20c.
[2025-03-10 05:24:45] [INFO    ] discord.gateway: Shard ID None has successfully RESUMED session e5f1f7d8893d54e71d962cf15ad9c20c.
[2025-03-10 08:06:02] [INFO    ] discord.gateway: Shard ID None has successfully RESUMED session e5f1f7d8893d54e71d962cf15ad9c20c.
[2025-03-10 09:30:32] [INFO    ] discord.gateway: Shard ID None has successfully RESUMED session e5f1f7d8893d54e71d962cf15ad9c20c.
[2025-03-10 11:44:48] [INFO    ] discord.gateway: Shard ID None has successfully RESUMED session e5f1f7d8893d54e71d962cf15ad9c20c.
[2025-03-10 12:12:25] [INFO    ] discord.gateway: Shard ID None has successfully RESUMED session e5f1f7d8893d54e71d962cf15ad9c20c.
[2025-03-10 14:14:09] [INFO    ] discord.gateway: Shard ID None has successfully RESUMED session e5f1f7d8893d54e71d962cf15ad9c20c.
[2025-03-10 14:42:48] [INFO    ] discord.gateway: Shard ID None has successfully RESUMED session e5f1f7d8893d54e71d962cf15ad9c20c.
[2025-03-10 15:43:10] [INFO    ] discord.gateway: Shard ID None has successfully RESUMED session e5f1f7d8893d54e71d962cf15ad9c20c.
[2025-03-10 15:47:28] [INFO    ] discord.gateway: Shard ID None has successfully RESUMED session e5f1f7d8893d54e71d962cf15ad9c20c.
[2025-03-10 16:42:00] [INFO    ] discord.gateway: Shard ID None has successfully RESUMED session e5f1f7d8893d54e71d962cf15ad9c20c.
[2025-03-10 18:47:12] [INFO    ] discord.gateway: Shard ID None has successfully RESUMED session e5f1f7d8893d54e71d962cf15ad9c20c.
[2025-03-10 19:31:16] [INFO    ] discord.gateway: Shard ID None has successfully RESUMED session e5f1f7d8893d54e71d962cf15ad9c20c.
[2025-03-10 20:36:35] [INFO    ] discord.gateway: Shard ID None has successfully RESUMED session e5f1f7d8893d54e71d962cf15ad9c20c.
[2025-03-10 21:05:21] [INFO    ] discord.gateway: Shard ID None has successfully RESUMED session e5f1f7d8893d54e71d962cf15ad9c20c.
[2025-03-10 22:53:13] [INFO    ] discord.gateway: Shard ID None has successfully RESUMED session e5f1f7d8893d54e71d962cf15ad9c20c.
[2025-03-10 23:50:20] [INFO    ] discord.gateway: Shard ID None has successfully RESUMED session e5f1f7d8893d54e71d962cf15ad9c20c.
[2025-03-11 01:35:46] [WARNING ] discord.gateway: Can't keep up, shard ID None websocket is 14.1s behind.
[2025-03-11 01:35:46] [WARNING ] discord.gateway: Can't keep up, shard ID None websocket is 14.1s behind.
[2025-03-11 01:50:31] [INFO    ] discord.gateway: Shard ID None has successfully RESUMED session e5f1f7d8893d54e71d962cf15ad9c20c.
[2025-03-11 02:11:52] [INFO    ] discord.gateway: Shard ID None has successfully RESUMED session e5f1f7d8893d54e71d962cf15ad9c20c.
[2025-03-11 03:20:52] [INFO    ] discord.voice_state: Connecting to voice...
[2025-03-11 03:20:52] [INFO    ] discord.voice_state: Starting voice handshake... (connection attempt 1)
[2025-03-11 03:20:52] [INFO    ] discord.voice_state: Voice handshake complete. Endpoint found: newark7495.discord.media
[2025-03-11 03:20:52] [INFO    ] discord.voice_state: Voice connection complete.
[2025-03-11 03:21:31] [INFO    ] discord.player: ffmpeg process 190548 successfully terminated with return code of 0.
[2025-03-11 03:21:36] [INFO    ] discord.player: ffmpeg process 190552 successfully terminated with return code of 0.
[2025-03-11 03:21:41] [INFO    ] discord.player: ffmpeg process 190556 successfully terminated with return code of 0.
[2025-03-11 03:21:45] [INFO    ] discord.player: ffmpeg process 190562 successfully terminated with return code of 0.
[2025-03-11 03:21:48] [INFO    ] discord.player: ffmpeg process 190566 successfully terminated with return code of 0.
[2025-03-11 03:21:52] [INFO    ] discord.player: ffmpeg process 190572 successfully terminated with return code of 0.
[2025-03-11 03:21:55] [INFO    ] discord.player: ffmpeg process 190576 successfully terminated with return code of 0.
[2025-03-11 03:22:27] [INFO    ] discord.player: ffmpeg process 190585 successfully terminated with return code of 0.
[2025-03-11 03:25:30] [INFO    ] discord.player: ffmpeg process 190622 successfully terminated with return code of 0.
[2025-03-11 03:28:30] [INFO    ] discord.player: ffmpeg process 190655 successfully terminated with return code of 0.
[2025-03-11 03:31:30] [INFO    ] discord.player: ffmpeg process 190681 successfully terminated with return code of 0.
[2025-03-11 03:34:29] [INFO    ] discord.player: ffmpeg process 190714 successfully terminated with return code of 0.
[2025-03-11 03:37:29] [INFO    ] discord.player: ffmpeg process 190753 successfully terminated with return code of 0.
[2025-03-11 03:40:29] [INFO    ] discord.player: ffmpeg process 190775 successfully terminated with return code of 0.
[2025-03-11 03:43:30] [INFO    ] discord.player: ffmpeg process 190811 successfully terminated with return code of 0.
[2025-03-11 03:46:27] [INFO    ] discord.player: ffmpeg process 190854 successfully terminated with return code of 0.
[2025-03-11 03:49:30] [INFO    ] discord.player: ffmpeg process 190888 successfully terminated with return code of 0.
[2025-03-11 03:52:29] [INFO    ] discord.player: ffmpeg process 190919 successfully terminated with return code of 0.
[2025-03-11 03:55:30] [INFO    ] discord.player: ffmpeg process 190950 successfully terminated with return code of 0.
[2025-03-11 03:58:29] [INFO    ] discord.player: ffmpeg process 190983 successfully terminated with return code of 0.
[2025-03-11 04:01:28] [INFO    ] discord.player: ffmpeg process 191011 successfully terminated with return code of 0.
[2025-03-11 04:04:30] [INFO    ] discord.player: ffmpeg process 191044 successfully terminated with return code of 0.
[2025-03-11 04:07:27] [INFO    ] discord.player: ffmpeg process 191081 successfully terminated with return code of 0.
[2025-03-11 04:10:28] [INFO    ] discord.player: ffmpeg process 191112 successfully terminated with return code of 0.
[2025-03-11 04:13:30] [INFO    ] discord.player: ffmpeg process 191137 successfully terminated with return code of 0.
[2025-03-11 04:16:29] [INFO    ] discord.player: ffmpeg process 191183 successfully terminated with return code of 0.
[2025-03-11 04:19:30] [INFO    ] discord.player: ffmpeg process 191213 successfully terminated with return code of 0.
[2025-03-11 04:30:08] [INFO    ] discord.gateway: Shard ID None has successfully RESUMED session e5f1f7d8893d54e71d962cf15ad9c20c.
[2025-03-11 04:35:12] [ERROR   ] discord.voice_state: Disconnected from voice... Reconnecting in 1.99s.
Traceback (most recent call last):
  File "/home/lucassukeunkim/myenv/lib/python3.11/site-packages/discord/voice_state.py", line 598, in _poll_voice_ws
    await self.ws.poll_event()
  File "/home/lucassukeunkim/myenv/lib/python3.11/site-packages/discord/gateway.py", line 1037, in poll_event
    raise ConnectionClosed(self.ws, shard_id=None, code=self._close_code)
discord.errors.ConnectionClosed: Shard ID None WebSocket closed with 1006
[2025-03-11 04:35:14] [INFO    ] discord.voice_state: The voice handshake is being terminated for Channel ID 134415388233433090 (Guild ID 134415388233433089)
[2025-03-11 04:35:14] [INFO    ] discord.voice_state: Connecting to voice...
[2025-03-11 04:35:14] [INFO    ] discord.voice_state: Starting voice handshake... (connection attempt 1)
[2025-03-11 04:35:14] [INFO    ] discord.voice_state: Voice handshake complete. Endpoint found: newark7495.discord.media
[2025-03-11 04:35:14] [INFO    ] discord.voice_state: Voice connection complete.
[2025-03-11 04:51:58] [INFO    ] discord.player: ffmpeg process 191506 successfully terminated with return code of 0.
[2025-03-11 04:52:17] [INFO    ] discord.player: ffmpeg process 191510 successfully terminated with return code of 0.
[2025-03-11 04:52:24] [INFO    ] discord.player: ffmpeg process 191514 successfully terminated with return code of 0.
[2025-03-11 04:53:30] [INFO    ] discord.player: ffmpeg process 191528 successfully terminated with return code of 0.
[2025-03-11 04:55:00] [INFO    ] discord.player: ffmpeg process 191545 successfully terminated with return code of 0.
[2025-03-11 04:56:30] [INFO    ] discord.player: ffmpeg process 191615 successfully terminated with return code of 0.
[2025-03-11 04:57:59] [INFO    ] discord.player: ffmpeg process 191645 successfully terminated with return code of 0.
[2025-03-11 04:59:25] [INFO    ] discord.player: ffmpeg process 191658 successfully terminated with return code of 0.
[2025-03-11 05:01:00] [INFO    ] discord.player: ffmpeg process 191666 successfully terminated with return code of 0.
[2025-03-11 05:02:29] [INFO    ] discord.player: ffmpeg process 191678 successfully terminated with return code of 0.
[2025-03-11 05:04:00] [INFO    ] discord.player: ffmpeg process 191688 successfully terminated with return code of 0.
[2025-03-11 05:05:30] [INFO    ] discord.player: ffmpeg process 191702 successfully terminated with return code of 0.
[2025-03-11 05:06:59] [INFO    ] discord.player: ffmpeg process 191724 successfully terminated with return code of 0.
[2025-03-11 05:07:29] [INFO    ] discord.player: ffmpeg process 191742 successfully terminated with return code of 0.
[2025-03-11 05:07:34] [INFO    ] discord.player: ffmpeg process 191746 successfully terminated with return code of 0.
[2025-03-11 05:07:39] [INFO    ] discord.player: ffmpeg process 191750 successfully terminated with return code of 0.
[2025-03-11 05:07:51] [INFO    ] discord.player: ffmpeg process 191782 successfully terminated with return code of 0.
[2025-03-11 05:07:56] [INFO    ] discord.player: ffmpeg process 191786 successfully terminated with return code of 0.
[2025-03-11 05:08:01] [INFO    ] discord.player: ffmpeg process 191790 successfully terminated with return code of 0.
[2025-03-11 05:08:04] [INFO    ] discord.player: ffmpeg process 191794 successfully terminated with return code of 0.
[2025-03-11 05:08:09] [INFO    ] discord.player: ffmpeg process 191798 successfully terminated with return code of 0.
[2025-03-11 05:08:14] [INFO    ] discord.player: ffmpeg process 191804 successfully terminated with return code of 0.
[2025-03-11 05:08:31] [INFO    ] discord.player: ffmpeg process 191836 successfully terminated with return code of 0.
[2025-03-11 05:08:36] [INFO    ] discord.player: ffmpeg process 191840 successfully terminated with return code of 0.
[2025-03-11 05:08:40] [INFO    ] discord.player: ffmpeg process 191846 successfully terminated with return code of 0.
[2025-03-11 05:08:43] [INFO    ] discord.player: ffmpeg process 191852 has not terminated. Waiting to terminate...
[2025-03-11 05:08:43] [INFO    ] discord.player: ffmpeg process 191852 should have terminated with a return code of -9.
[2025-03-11 05:08:45] [INFO    ] discord.player: ffmpeg process 191856 successfully terminated with return code of -9.
[2025-03-11 05:08:48] [INFO    ] discord.player: ffmpeg process 191860 successfully terminated with return code of 0.
[2025-03-11 05:08:52] [INFO    ] discord.player: ffmpeg process 191864 successfully terminated with return code of 0.
[2025-03-11 05:08:55] [INFO    ] discord.player: ffmpeg process 191868 successfully terminated with return code of 0.
[2025-03-11 05:09:11] [INFO    ] discord.player: ffmpeg process 191874 has not terminated. Waiting to terminate...
[2025-03-11 05:09:11] [INFO    ] discord.player: ffmpeg process 191874 should have terminated with a return code of -9.
[2025-03-11 05:09:15] [INFO    ] discord.player: ffmpeg process 191878 successfully terminated with return code of 0.
[2025-03-11 05:09:20] [INFO    ] discord.player: ffmpeg process 191882 successfully terminated with return code of 0.
[2025-03-11 05:09:43] [INFO    ] discord.player: ffmpeg process 191900 successfully terminated with return code of 0.
[2025-03-11 05:09:47] [INFO    ] discord.player: ffmpeg process 191904 successfully terminated with return code of 0.
[2025-03-11 05:09:51] [INFO    ] discord.player: ffmpeg process 191910 successfully terminated with return code of 0.
[2025-03-11 05:24:46] [INFO    ] discord.gateway: Shard ID None has successfully RESUMED session e5f1f7d8893d54e71d962cf15ad9c20c.
[2025-03-11 05:27:21] [INFO    ] discord.player: ffmpeg process 192038 successfully terminated with return code of 0.
[2025-03-11 05:27:31] [INFO    ] discord.voice_state: The voice handshake is being terminated for Channel ID 134415388233433090 (Guild ID 134415388233433089)
[2025-03-11 06:46:40] [INFO    ] discord.gateway: Shard ID None has successfully RESUMED session e5f1f7d8893d54e71d962cf15ad9c20c.
[2025-03-11 10:40:19] [INFO    ] discord.gateway: Shard ID None has successfully RESUMED session e5f1f7d8893d54e71d962cf15ad9c20c.
[2025-03-11 13:13:02] [INFO    ] discord.gateway: Shard ID None has successfully RESUMED session e5f1f7d8893d54e71d962cf15ad9c20c.
[2025-03-11 14:25:16] [INFO    ] discord.gateway: Shard ID None has successfully RESUMED session e5f1f7d8893d54e71d962cf15ad9c20c.
[2025-03-11 15:58:23] [INFO    ] discord.gateway: Shard ID None has successfully RESUMED session e5f1f7d8893d54e71d962cf15ad9c20c.
[2025-03-11 16:57:55] [INFO    ] discord.gateway: Shard ID None has successfully RESUMED session e5f1f7d8893d54e71d962cf15ad9c20c.
[2025-03-11 17:23:11] [INFO    ] discord.gateway: Shard ID None has successfully RESUMED session e5f1f7d8893d54e71d962cf15ad9c20c.
[2025-03-11 20:33:54] [INFO    ] discord.gateway: Shard ID None has successfully RESUMED session e5f1f7d8893d54e71d962cf15ad9c20c.
[2025-03-11 21:24:06] [INFO    ] discord.gateway: Shard ID None has successfully RESUMED session e5f1f7d8893d54e71d962cf15ad9c20c.
BOT AWAKE AND READY
Finished playing: gates of the hornburg.ogg
Finished playing: chimychim.ogg
Finished playing: DOTA.ogg
Finished playing: orthanc.ogg
Finished playing: just tea.ogg
Finished playing: just tea.ogg
/home/lucassukeunkim/scuffed_discord_bot/servers/134415388233433089/session_stats.txt has been deleted successfully.
Finished playing: not entirely true.ogg
Finished playing: who gave you by this.ogg
Finished playing: for safekeeping.ogg
Finished playing: if there is a key.ogg
Finished playing: these runes.ogg
Finished playing: another way in.ogg
Finished playing: another way in.ogg
Finished playing: titanium man.ogg
Finished playing: harry himself.ogg
Finished playing: some MUSIC.ogg
Finished playing: pizza time.ogg
Finished playing: dont.ogg
Finished playing: genius.ogg
Finished playing: firebee.ogg
Finished playing: dank hallway.ogg
Finished playing: ha.ogg
Finished playing: mr gilbert.ogg
Finished playing: believe it.ogg
Finished playing: buckdytook.ogg
Finished playing: it was horrible.ogg
Finished playing: before.ogg
Finished playing: i can only say.ogg
Finished playing: ruru.ogg
Finished playing: BUT.ogg
Finished playing: i dont mind.ogg
Finished playing: last chance.ogg
Finished playing: for safekeeping.ogg
Finished playing: richard patrick2.ogg
Finished playing: arabian.ogg
Finished playing: arabian scuffed.ogg
Finished playing: ~~~.ogg
Finished playing: he will raise.ogg
Finished playing: bobbed.ogg
Finished playing: rule #4 full.ogg
Finished playing: no way.ogg
Finished playing: crap.ogg
Finished playing: arabian.ogg
Finished playing: BRACKIUM.ogg
Finished playing: mug of ale.ogg
Finished playing: firebee.ogg
Finished playing: fusion.ogg
Finished playing: wheel.ogg
Finished playing: wheel.ogg
Finished playing: gates of the hornburg.ogg
Finished playing: chimychim.ogg
Finished playing: DOTA.ogg
Finished playing: orthanc.ogg
Finished playing: just tea.ogg
Finished playing: just tea.ogg
Finished playing: not true.ogg
Finished playing: who gave you by this.ogg
Finished playing: for safekeeping.ogg
Finished playing: for safekeeping.ogg
Finished playing: copper.ogg
Finished playing: these runes.ogg
Finished playing: another way in.ogg
Finished playing: another way in.ogg
Finished playing: copper.ogg
Finished playing: copper.ogg
Finished playing: copper.ogg
Finished playing: copper.ogg
Finished playing: copper.ogg
Finished playing: copper.ogg
Finished playing: CUPCAKE.ogg
/home/lucassukeunkim/scuffed_discord_bot/servers/134415388233433089/session_stats.txt has been deleted successfully.
Task exception was never retrieved
future: <Task finished name='discord.py: on_message' coro=<Client._run_event() done, defined at /home/lucassukeunkim/myenv/lib/python3.11/site-packages/discord/client.py:441> exception=SystemExit()>
Traceback (most recent call last):
  File "/home/lucassukeunkim/myenv/lib/python3.11/site-packages/discord/client.py", line 869, in run
    asyncio.run(runner())
  File "/usr/lib/python3.11/asyncio/runners.py", line 190, in run
    return runner.run(main)
           ^^^^^^^^^^^^^^^^
  File "/usr/lib/python3.11/asyncio/runners.py", line 118, in run
    return self._loop.run_until_complete(task)
           ^^^^^^^^^^^^^^^^^^^^^^^^^^^^^^^^^^^
  File "/usr/lib/python3.11/asyncio/base_events.py", line 640, in run_until_complete
    self.run_forever()
  File "/usr/lib/python3.11/asyncio/base_events.py", line 607, in run_forever
    self._run_once()
  File "/usr/lib/python3.11/asyncio/base_events.py", line 1922, in _run_once
    handle._run()
  File "/usr/lib/python3.11/asyncio/events.py", line 80, in _run
    self._context.run(self._callback, *self._args)
  File "/home/lucassukeunkim/myenv/lib/python3.11/site-packages/discord/client.py", line 449, in _run_event
    await coro(*args, **kwargs)
  File "/home/lucassukeunkim/scuffed_discord_bot/bot.py", line 278, in on_message
    await bot.process_commands(message)
  File "/home/lucassukeunkim/myenv/lib/python3.11/site-packages/discord/ext/commands/bot.py", line 1408, in process_commands
    await self.invoke(ctx)  # type: ignore
    ^^^^^^^^^^^^^^^^^^^^^^
  File "/home/lucassukeunkim/myenv/lib/python3.11/site-packages/discord/ext/commands/bot.py", line 1366, in invoke
    await ctx.command.invoke(ctx)
  File "/home/lucassukeunkim/myenv/lib/python3.11/site-packages/discord/ext/commands/core.py", line 1029, in invoke
    await injected(*ctx.args, **ctx.kwargs)  # type: ignore
    ^^^^^^^^^^^^^^^^^^^^^^^^^^^^^^^^^^^^^^^
  File "/home/lucassukeunkim/myenv/lib/python3.11/site-packages/discord/ext/commands/core.py", line 235, in wrapped
    ret = await coro(*args, **kwargs)
          ^^^^^^^^^^^^^^^^^^^^^^^^^^^
  File "/home/lucassukeunkim/scuffed_discord_bot/bot.py", line 1801, in update
    await ctx.invoke(bot.get_command('restart'))
  File "/home/lucassukeunkim/myenv/lib/python3.11/site-packages/discord/ext/commands/context.py", line 337, in invoke
    return await command(self, *args, **kwargs)
           ^^^^^^^^^^^^^^^^^^^^^^^^^^^^^^^^^^^^
  File "/home/lucassukeunkim/myenv/lib/python3.11/site-packages/discord/ext/commands/core.py", line 590, in __call__
    return await self.callback(context, *args, **kwargs)  # type: ignore
           ^^^^^^^^^^^^^^^^^^^^^^^^^^^^^^^^^^^^^^^^^^^^^
  File "/home/lucassukeunkim/scuffed_discord_bot/bot.py", line 2028, in restart
    sys.exit()
SystemExit
[2025-03-11 22:10:14] [INFO    ] discord.client: logging in using static token
[2025-03-11 22:10:15] [INFO    ] discord.gateway: Shard ID None has connected to Gateway (Session ID: 8b2424273da03beac3198b244088d1d4).
[2025-03-11 22:44:35] [INFO    ] discord.voice_state: Connecting to voice...
[2025-03-11 22:44:35] [INFO    ] discord.voice_state: Starting voice handshake... (connection attempt 1)
[2025-03-11 22:44:35] [INFO    ] discord.voice_state: Voice handshake complete. Endpoint found: newark7855.discord.media
[2025-03-11 22:44:35] [INFO    ] discord.voice_state: Voice connection complete.
[2025-03-11 22:44:40] [INFO    ] discord.player: ffmpeg process 201251 successfully terminated with return code of 0.
[2025-03-11 22:45:06] [INFO    ] discord.player: ffmpeg process 201258 successfully terminated with return code of 0.
[2025-03-11 22:45:06] [INFO    ] discord.player: ffmpeg process 201262 successfully terminated with return code of 0.
[2025-03-11 22:45:06] [INFO    ] discord.player: ffmpeg process 201266 successfully terminated with return code of 0.
[2025-03-11 22:45:07] [INFO    ] discord.player: ffmpeg process 201270 successfully terminated with return code of 0.
[2025-03-11 22:45:07] [INFO    ] discord.player: ffmpeg process 201274 successfully terminated with return code of 0.
[2025-03-11 22:45:07] [INFO    ] discord.player: ffmpeg process 201278 successfully terminated with return code of 0.
[2025-03-11 22:45:08] [INFO    ] discord.player: ffmpeg process 201282 successfully terminated with return code of 0.
[2025-03-11 22:45:08] [INFO    ] discord.player: ffmpeg process 201286 successfully terminated with return code of 0.
[2025-03-11 22:45:08] [INFO    ] discord.player: ffmpeg process 201290 successfully terminated with return code of 0.
[2025-03-11 22:45:08] [INFO    ] discord.player: ffmpeg process 201294 successfully terminated with return code of 0.
[2025-03-11 22:45:09] [INFO    ] discord.player: ffmpeg process 201298 successfully terminated with return code of 0.
[2025-03-11 22:45:09] [INFO    ] discord.player: ffmpeg process 201302 successfully terminated with return code of 0.
[2025-03-11 22:45:09] [INFO    ] discord.player: ffmpeg process 201306 successfully terminated with return code of 0.
[2025-03-11 22:45:10] [INFO    ] discord.player: ffmpeg process 201310 successfully terminated with return code of 0.
[2025-03-11 22:45:10] [INFO    ] discord.player: ffmpeg process 201314 successfully terminated with return code of 0.
[2025-03-11 22:45:10] [INFO    ] discord.player: ffmpeg process 201318 successfully terminated with return code of 0.
[2025-03-11 22:45:11] [INFO    ] discord.player: ffmpeg process 201322 successfully terminated with return code of 0.
[2025-03-11 22:45:11] [INFO    ] discord.player: ffmpeg process 201326 successfully terminated with return code of 0.
[2025-03-11 22:45:11] [INFO    ] discord.player: ffmpeg process 201330 successfully terminated with return code of 0.
[2025-03-11 22:45:12] [INFO    ] discord.player: ffmpeg process 201334 successfully terminated with return code of 0.
[2025-03-11 22:45:12] [INFO    ] discord.player: ffmpeg process 201338 successfully terminated with return code of 0.
[2025-03-11 22:45:12] [INFO    ] discord.player: ffmpeg process 201342 successfully terminated with return code of 0.
[2025-03-11 22:45:12] [INFO    ] discord.player: ffmpeg process 201346 successfully terminated with return code of 0.
[2025-03-11 22:45:13] [INFO    ] discord.player: ffmpeg process 201350 successfully terminated with return code of 0.
[2025-03-11 22:45:13] [INFO    ] discord.player: ffmpeg process 201354 successfully terminated with return code of 0.
[2025-03-11 22:45:13] [INFO    ] discord.player: ffmpeg process 201358 successfully terminated with return code of 0.
[2025-03-11 22:45:14] [INFO    ] discord.player: ffmpeg process 201362 successfully terminated with return code of 0.
[2025-03-11 22:45:14] [INFO    ] discord.player: ffmpeg process 201366 successfully terminated with return code of 0.
[2025-03-11 22:45:14] [INFO    ] discord.player: ffmpeg process 201370 successfully terminated with return code of 0.
[2025-03-11 22:45:15] [INFO    ] discord.player: ffmpeg process 201374 successfully terminated with return code of 0.
[2025-03-11 22:56:26] [INFO    ] discord.gateway: Shard ID None has successfully RESUMED session 8b2424273da03beac3198b244088d1d4.
[2025-03-11 23:20:15] [INFO    ] discord.voice_state: The voice handshake is being terminated for Channel ID 134415388233433090 (Guild ID 134415388233433089)
[2025-03-12 01:53:55] [INFO    ] discord.gateway: Shard ID None has successfully RESUMED session 8b2424273da03beac3198b244088d1d4.
[2025-03-12 02:16:51] [INFO    ] discord.gateway: Shard ID None has successfully RESUMED session 8b2424273da03beac3198b244088d1d4.
[2025-03-12 03:08:48] [INFO    ] discord.gateway: Shard ID None has successfully RESUMED session 8b2424273da03beac3198b244088d1d4.
[2025-03-12 04:15:34] [INFO    ] discord.gateway: Shard ID None has successfully RESUMED session 8b2424273da03beac3198b244088d1d4.
[2025-03-12 05:48:45] [INFO    ] discord.gateway: Shard ID None has successfully RESUMED session 8b2424273da03beac3198b244088d1d4.
[2025-03-12 06:20:45] [INFO    ] discord.gateway: Shard ID None has successfully RESUMED session 8b2424273da03beac3198b244088d1d4.
[2025-03-12 10:18:43] [INFO    ] discord.gateway: Shard ID None has successfully RESUMED session 8b2424273da03beac3198b244088d1d4.
[2025-03-12 12:26:54] [INFO    ] discord.gateway: Shard ID None has successfully RESUMED session 8b2424273da03beac3198b244088d1d4.
[2025-03-12 13:21:15] [INFO    ] discord.gateway: Shard ID None has successfully RESUMED session 8b2424273da03beac3198b244088d1d4.
[2025-03-12 13:56:53] [INFO    ] discord.gateway: Shard ID None has successfully RESUMED session 8b2424273da03beac3198b244088d1d4.
[2025-03-12 16:10:44] [INFO    ] discord.gateway: Shard ID None has successfully RESUMED session 8b2424273da03beac3198b244088d1d4.
[2025-03-12 17:00:27] [INFO    ] discord.gateway: Shard ID None has successfully RESUMED session 8b2424273da03beac3198b244088d1d4.
[2025-03-12 19:16:34] [INFO    ] discord.gateway: Shard ID None has successfully RESUMED session 8b2424273da03beac3198b244088d1d4.
[2025-03-12 20:22:01] [INFO    ] discord.gateway: Shard ID None has successfully RESUMED session 8b2424273da03beac3198b244088d1d4.
[2025-03-12 21:39:06] [INFO    ] discord.gateway: Shard ID None has successfully RESUMED session 8b2424273da03beac3198b244088d1d4.
[2025-03-12 22:18:54] [INFO    ] discord.gateway: Shard ID None has successfully RESUMED session 8b2424273da03beac3198b244088d1d4.
[2025-03-12 23:47:42] [INFO    ] discord.gateway: Shard ID None has successfully RESUMED session 8b2424273da03beac3198b244088d1d4.
[2025-03-13 01:03:47] [INFO    ] discord.gateway: Shard ID None has successfully RESUMED session 8b2424273da03beac3198b244088d1d4.
[2025-03-13 02:34:50] [INFO    ] discord.voice_state: Connecting to voice...
[2025-03-13 02:34:50] [INFO    ] discord.voice_state: Starting voice handshake... (connection attempt 1)
[2025-03-13 02:34:50] [INFO    ] discord.voice_state: Voice handshake complete. Endpoint found: us-central2086.discord.media
[2025-03-13 02:34:51] [INFO    ] discord.voice_state: Voice connection complete.
[2025-03-13 02:35:03] [INFO    ] discord.player: ffmpeg process 217234 successfully terminated with return code of 0.
[2025-03-13 02:35:08] [INFO    ] discord.player: ffmpeg process 217238 successfully terminated with return code of 0.
[2025-03-13 02:35:13] [INFO    ] discord.player: ffmpeg process 217242 successfully terminated with return code of 0.
[2025-03-13 02:35:40] [INFO    ] discord.player: ffmpeg process 217278 successfully terminated with return code of 0.
[2025-03-13 02:35:45] [INFO    ] discord.player: ffmpeg process 217282 successfully terminated with return code of 0.
[2025-03-13 02:35:46] [INFO    ] discord.player: ffmpeg process 217286 successfully terminated with return code of 0.
[2025-03-13 02:35:51] [INFO    ] discord.player: ffmpeg process 217290 successfully terminated with return code of 0.
[2025-03-13 02:35:52] [INFO    ] discord.player: ffmpeg process 217294 successfully terminated with return code of 0.
[2025-03-13 02:35:57] [INFO    ] discord.player: ffmpeg process 217298 successfully terminated with return code of 0.
[2025-03-13 02:35:58] [INFO    ] discord.player: ffmpeg process 217302 successfully terminated with return code of 0.
[2025-03-13 02:36:16] [INFO    ] discord.player: ffmpeg process 217333 successfully terminated with return code of 0.
[2025-03-13 02:36:21] [INFO    ] discord.player: ffmpeg process 217341 successfully terminated with return code of 0.
[2025-03-13 02:36:26] [INFO    ] discord.player: ffmpeg process 217345 successfully terminated with return code of 0.
[2025-03-13 02:36:29] [INFO    ] discord.player: ffmpeg process 217349 successfully terminated with return code of 0.
[2025-03-13 02:36:34] [INFO    ] discord.player: ffmpeg process 217353 successfully terminated with return code of 0.
[2025-03-13 02:36:39] [INFO    ] discord.player: ffmpeg process 217357 successfully terminated with return code of 0.
[2025-03-13 02:38:03] [INFO    ] discord.player: ffmpeg process 217374 successfully terminated with return code of 0.
[2025-03-13 02:38:08] [INFO    ] discord.player: ffmpeg process 217378 successfully terminated with return code of 0.
[2025-03-13 02:38:13] [INFO    ] discord.player: ffmpeg process 217386 successfully terminated with return code of 0.
[2025-03-13 02:38:18] [INFO    ] discord.player: ffmpeg process 217392 successfully terminated with return code of 0.
[2025-03-13 02:38:23] [INFO    ] discord.player: ffmpeg process 217396 successfully terminated with return code of 0.
[2025-03-13 02:38:28] [INFO    ] discord.player: ffmpeg process 217402 successfully terminated with return code of 0.
[2025-03-13 02:38:32] [INFO    ] discord.player: ffmpeg process 217408 has not terminated. Waiting to terminate...
[2025-03-13 02:38:32] [INFO    ] discord.player: ffmpeg process 217408 should have terminated with a return code of -9.
[2025-03-13 02:39:06] [INFO    ] discord.player: ffmpeg process 217416 has not terminated. Waiting to terminate...
[2025-03-13 02:39:06] [INFO    ] discord.player: ffmpeg process 217416 should have terminated with a return code of -9.
[2025-03-13 02:39:09] [INFO    ] discord.player: ffmpeg process 217420 has not terminated. Waiting to terminate...
[2025-03-13 02:39:09] [INFO    ] discord.player: ffmpeg process 217420 should have terminated with a return code of -9.
[2025-03-13 02:39:14] [INFO    ] discord.player: ffmpeg process 217426 successfully terminated with return code of 0.
[2025-03-13 03:05:21] [INFO    ] discord.gateway: Shard ID None has successfully RESUMED session 8b2424273da03beac3198b244088d1d4.
[2025-03-13 03:09:39] [INFO    ] discord.player: ffmpeg process 217708 successfully terminated with return code of 0.
[2025-03-13 03:10:01] [INFO    ] discord.player: ffmpeg process 217716 successfully terminated with return code of 0.
[2025-03-13 03:10:13] [INFO    ] discord.player: ffmpeg process 217724 successfully terminated with return code of 0.
[2025-03-13 03:13:13] [INFO    ] discord.player: ffmpeg process 217764 successfully terminated with return code of 0.
[2025-03-13 04:10:20] [INFO    ] discord.voice_state: The voice handshake is being terminated for Channel ID 212770924607438848 (Guild ID 134415388233433089)
[2025-03-13 04:40:57] [INFO    ] discord.voice_state: Connecting to voice...
[2025-03-13 04:40:57] [INFO    ] discord.voice_state: Starting voice handshake... (connection attempt 1)
[2025-03-13 04:40:57] [INFO    ] discord.voice_state: Voice handshake complete. Endpoint found: us-central2086.discord.media
[2025-03-13 04:40:57] [INFO    ] discord.voice_state: Voice connection complete.
[2025-03-13 04:41:04] [INFO    ] discord.player: ffmpeg process 218613 successfully terminated with return code of 0.
[2025-03-13 04:41:09] [INFO    ] discord.player: ffmpeg process 218617 successfully terminated with return code of 0.
[2025-03-13 04:42:33] [INFO    ] discord.player: ffmpeg process 218650 successfully terminated with return code of 0.
[2025-03-13 04:42:37] [INFO    ] discord.player: ffmpeg process 218656 successfully terminated with return code of 0.
[2025-03-13 04:42:48] [INFO    ] discord.player: ffmpeg process 218664 successfully terminated with return code of 0.
[2025-03-13 04:43:08] [INFO    ] discord.player: ffmpeg process 218686 successfully terminated with return code of 0.
[2025-03-13 04:43:13] [INFO    ] discord.player: ffmpeg process 218690 successfully terminated with return code of 0.
[2025-03-13 04:43:24] [INFO    ] discord.player: ffmpeg process 218694 successfully terminated with return code of 0.
[2025-03-13 04:44:01] [INFO    ] discord.player: ffmpeg process 218702 successfully terminated with return code of 0.
[2025-03-13 04:44:15] [INFO    ] discord.player: ffmpeg process 218712 successfully terminated with return code of 0.
[2025-03-13 04:44:25] [INFO    ] discord.player: ffmpeg process 218716 successfully terminated with return code of 0.
[2025-03-13 04:44:51] [INFO    ] discord.player: ffmpeg process 218720 successfully terminated with return code of 0.
[2025-03-13 04:45:10] [INFO    ] discord.player: ffmpeg process 218730 successfully terminated with return code of 0.
[2025-03-13 04:45:21] [INFO    ] discord.player: ffmpeg process 218738 has not terminated. Waiting to terminate...
[2025-03-13 04:45:21] [INFO    ] discord.player: ffmpeg process 218738 should have terminated with a return code of -9.
[2025-03-13 04:45:26] [INFO    ] discord.player: ffmpeg process 218742 successfully terminated with return code of 0.
[2025-03-13 04:45:38] [INFO    ] discord.player: ffmpeg process 218746 successfully terminated with return code of 0.
[2025-03-13 04:45:52] [INFO    ] discord.player: ffmpeg process 218764 successfully terminated with return code of 0.
[2025-03-13 04:45:57] [INFO    ] discord.player: ffmpeg process 218768 successfully terminated with return code of 0.
[2025-03-13 04:46:01] [INFO    ] discord.player: ffmpeg process 218774 successfully terminated with return code of 0.
[2025-03-13 04:46:35] [INFO    ] discord.player: ffmpeg process 218782 successfully terminated with return code of 0.
[2025-03-13 04:49:34] [INFO    ] discord.player: ffmpeg process 218805 has not terminated. Waiting to terminate...
[2025-03-13 04:49:34] [INFO    ] discord.player: ffmpeg process 218805 should have terminated with a return code of -9.
[2025-03-13 04:49:53] [INFO    ] discord.player: ffmpeg process 218809 successfully terminated with return code of 0.
[2025-03-13 04:51:22] [INFO    ] discord.player: ffmpeg process 218829 successfully terminated with return code of 0.
[2025-03-13 04:51:28] [INFO    ] discord.player: ffmpeg process 218835 successfully terminated with return code of 0.
[2025-03-13 04:51:42] [INFO    ] discord.player: ffmpeg process 218853 successfully terminated with return code of 0.
[2025-03-13 04:51:44] [INFO    ] discord.player: ffmpeg process 218860 successfully terminated with return code of 0.
[2025-03-13 04:53:28] [INFO    ] discord.player: ffmpeg process 218906 successfully terminated with return code of 0.
[2025-03-13 04:53:35] [INFO    ] discord.player: ffmpeg process 218910 successfully terminated with return code of 0.
[2025-03-13 04:53:40] [INFO    ] discord.player: ffmpeg process 218914 successfully terminated with return code of 0.
[2025-03-13 04:54:46] [INFO    ] discord.player: ffmpeg process 218924 successfully terminated with return code of 0.
[2025-03-13 04:54:53] [INFO    ] discord.player: ffmpeg process 218928 successfully terminated with return code of 0.
[2025-03-13 04:55:22] [INFO    ] discord.player: ffmpeg process 218932 successfully terminated with return code of 0.
[2025-03-13 04:55:40] [INFO    ] discord.player: ffmpeg process 218948 successfully terminated with return code of 0.
[2025-03-13 04:55:45] [INFO    ] discord.player: ffmpeg process 218952 successfully terminated with return code of 0.
[2025-03-13 04:55:54] [INFO    ] discord.player: ffmpeg process 218964 successfully terminated with return code of 0.
[2025-03-13 04:55:59] [INFO    ] discord.player: ffmpeg process 218968 successfully terminated with return code of 0.
[2025-03-13 04:56:04] [INFO    ] discord.player: ffmpeg process 218984 successfully terminated with return code of 0.
[2025-03-13 04:56:09] [INFO    ] discord.player: ffmpeg process 218988 successfully terminated with return code of 0.
[2025-03-13 04:56:14] [INFO    ] discord.player: ffmpeg process 218992 successfully terminated with return code of 0.
[2025-03-13 04:56:29] [INFO    ] discord.player: ffmpeg process 219018 successfully terminated with return code of 0.
[2025-03-13 04:56:33] [INFO    ] discord.player: ffmpeg process 219022 successfully terminated with return code of 0.
[2025-03-13 04:56:38] [INFO    ] discord.player: ffmpeg process 219028 successfully terminated with return code of 0.
[2025-03-13 04:56:43] [INFO    ] discord.player: ffmpeg process 219034 successfully terminated with return code of 0.
[2025-03-13 04:56:48] [INFO    ] discord.player: ffmpeg process 219038 successfully terminated with return code of 0.
[2025-03-13 04:58:54] [INFO    ] discord.player: ffmpeg process 219059 successfully terminated with return code of 0.
[2025-03-13 04:58:55] [INFO    ] discord.player: ffmpeg process 219063 successfully terminated with return code of 0.
[2025-03-13 04:59:01] [INFO    ] discord.player: ffmpeg process 219067 successfully terminated with return code of 0.
[2025-03-13 04:59:14] [INFO    ] discord.player: ffmpeg process 219071 successfully terminated with return code of 0.
[2025-03-13 04:59:53] [INFO    ] discord.player: ffmpeg process 219093 successfully terminated with return code of 0.
[2025-03-13 04:59:54] [INFO    ] discord.player: ffmpeg process 219097 successfully terminated with return code of 0.
[2025-03-13 05:00:08] [INFO    ] discord.player: ffmpeg process 219109 successfully terminated with return code of 0.
[2025-03-13 05:00:09] [INFO    ] discord.player: ffmpeg process 219113 successfully terminated with return code of 0.
[2025-03-13 05:00:22] [INFO    ] discord.player: ffmpeg process 219147 successfully terminated with return code of 0.
[2025-03-13 05:00:27] [INFO    ] discord.player: ffmpeg process 219151 successfully terminated with return code of 0.
[2025-03-13 05:00:31] [INFO    ] discord.player: ffmpeg process 219155 successfully terminated with return code of 0.
[2025-03-13 05:00:36] [INFO    ] discord.player: ffmpeg process 219159 successfully terminated with return code of 0.
[2025-03-13 05:00:39] [INFO    ] discord.player: ffmpeg process 219165 successfully terminated with return code of 0.
[2025-03-13 05:00:43] [INFO    ] discord.player: ffmpeg process 219171 successfully terminated with return code of 0.
[2025-03-13 05:00:46] [INFO    ] discord.player: ffmpeg process 219175 successfully terminated with return code of 0.
[2025-03-13 05:01:18] [INFO    ] discord.player: ffmpeg process 219181 successfully terminated with return code of 0.
[2025-03-13 05:01:56] [INFO    ] discord.player: ffmpeg process 219187 successfully terminated with return code of 0.
[2025-03-13 05:02:27] [INFO    ] discord.player: ffmpeg process 219223 successfully terminated with return code of 0.
[2025-03-13 05:02:32] [INFO    ] discord.player: ffmpeg process 219227 successfully terminated with return code of 0.
[2025-03-13 05:04:45] [INFO    ] discord.player: ffmpeg process 219244 successfully terminated with return code of 0.
[2025-03-13 05:04:58] [INFO    ] discord.player: ffmpeg process 219253 successfully terminated with return code of 0.
[2025-03-13 05:05:51] [INFO    ] discord.player: ffmpeg process 219263 successfully terminated with return code of 0.
[2025-03-13 05:05:52] [INFO    ] discord.player: ffmpeg process 219267 successfully terminated with return code of 0.
[2025-03-13 05:05:53] [INFO    ] discord.player: ffmpeg process 219271 successfully terminated with return code of 0.
[2025-03-13 05:05:54] [INFO    ] discord.player: ffmpeg process 219275 successfully terminated with return code of 0.
[2025-03-13 05:05:54] [INFO    ] discord.player: ffmpeg process 219281 has not terminated. Waiting to terminate...
[2025-03-13 05:05:54] [INFO    ] discord.player: ffmpeg process 219281 should have terminated with a return code of -9.
[2025-03-13 05:06:03] [INFO    ] discord.player: ffmpeg process 219285 has not terminated. Waiting to terminate...
[2025-03-13 05:06:03] [INFO    ] discord.player: ffmpeg process 219285 should have terminated with a return code of -9.
[2025-03-13 05:06:03] [INFO    ] discord.player: ffmpeg process 219289 has not terminated. Waiting to terminate...
[2025-03-13 05:06:03] [INFO    ] discord.player: ffmpeg process 219289 should have terminated with a return code of -9.
[2025-03-13 05:06:04] [INFO    ] discord.player: ffmpeg process 219293 has not terminated. Waiting to terminate...
[2025-03-13 05:06:04] [INFO    ] discord.player: ffmpeg process 219293 should have terminated with a return code of -9.
[2025-03-13 05:06:04] [INFO    ] discord.player: ffmpeg process 219297 has not terminated. Waiting to terminate...
[2025-03-13 05:06:04] [INFO    ] discord.player: ffmpeg process 219297 should have terminated with a return code of -9.
[2025-03-13 05:06:05] [INFO    ] discord.player: ffmpeg process 219301 has not terminated. Waiting to terminate...
[2025-03-13 05:06:05] [INFO    ] discord.player: ffmpeg process 219301 should have terminated with a return code of -9.
[2025-03-13 05:06:05] [INFO    ] discord.player: ffmpeg process 219305 has not terminated. Waiting to terminate...
[2025-03-13 05:06:05] [INFO    ] discord.player: ffmpeg process 219305 should have terminated with a return code of -9.
[2025-03-13 05:06:06] [INFO    ] discord.player: ffmpeg process 219309 has not terminated. Waiting to terminate...
[2025-03-13 05:06:06] [INFO    ] discord.player: ffmpeg process 219309 should have terminated with a return code of -9.
[2025-03-13 05:06:06] [INFO    ] discord.player: ffmpeg process 219313 has not terminated. Waiting to terminate...
[2025-03-13 05:06:06] [INFO    ] discord.player: ffmpeg process 219313 should have terminated with a return code of -9.
[2025-03-13 05:06:07] [INFO    ] discord.player: ffmpeg process 219317 has not terminated. Waiting to terminate...
[2025-03-13 05:06:07] [INFO    ] discord.player: ffmpeg process 219317 should have terminated with a return code of -9.
[2025-03-13 05:06:07] [INFO    ] discord.player: ffmpeg process 219321 has not terminated. Waiting to terminate...
[2025-03-13 05:06:07] [INFO    ] discord.player: ffmpeg process 219321 should have terminated with a return code of -9.
[2025-03-13 05:06:08] [INFO    ] discord.player: ffmpeg process 219325 has not terminated. Waiting to terminate...
[2025-03-13 05:06:08] [INFO    ] discord.player: ffmpeg process 219325 should have terminated with a return code of -9.
[2025-03-13 05:06:08] [INFO    ] discord.player: ffmpeg process 219329 has not terminated. Waiting to terminate...
[2025-03-13 05:06:08] [INFO    ] discord.player: ffmpeg process 219329 should have terminated with a return code of -9.
[2025-03-13 05:06:09] [INFO    ] discord.player: ffmpeg process 219333 has not terminated. Waiting to terminate...
[2025-03-13 05:06:09] [INFO    ] discord.player: ffmpeg process 219333 should have terminated with a return code of -9.
[2025-03-13 05:06:09] [INFO    ] discord.player: ffmpeg process 219337 has not terminated. Waiting to terminate...
[2025-03-13 05:06:09] [INFO    ] discord.player: ffmpeg process 219337 should have terminated with a return code of -9.
[2025-03-13 05:06:10] [INFO    ] discord.player: ffmpeg process 219341 has not terminated. Waiting to terminate...
[2025-03-13 05:06:10] [INFO    ] discord.player: ffmpeg process 219341 should have terminated with a return code of -9.
[2025-03-13 05:06:10] [INFO    ] discord.player: ffmpeg process 219345 has not terminated. Waiting to terminate...
[2025-03-13 05:06:10] [INFO    ] discord.player: ffmpeg process 219345 should have terminated with a return code of -9.
[2025-03-13 05:06:11] [INFO    ] discord.player: ffmpeg process 219349 has not terminated. Waiting to terminate...
[2025-03-13 05:06:11] [INFO    ] discord.player: ffmpeg process 219349 should have terminated with a return code of -9.
[2025-03-13 05:06:11] [INFO    ] discord.player: ffmpeg process 219353 has not terminated. Waiting to terminate...
[2025-03-13 05:06:11] [INFO    ] discord.player: ffmpeg process 219353 should have terminated with a return code of -9.
[2025-03-13 05:06:12] [INFO    ] discord.player: ffmpeg process 219357 has not terminated. Waiting to terminate...
[2025-03-13 05:06:12] [INFO    ] discord.player: ffmpeg process 219357 should have terminated with a return code of -9.
[2025-03-13 05:06:12] [INFO    ] discord.player: ffmpeg process 219361 has not terminated. Waiting to terminate...
[2025-03-13 05:06:12] [INFO    ] discord.player: ffmpeg process 219361 should have terminated with a return code of -9.
[2025-03-13 05:06:13] [INFO    ] discord.player: ffmpeg process 219365 has not terminated. Waiting to terminate...
[2025-03-13 05:06:13] [INFO    ] discord.player: ffmpeg process 219365 should have terminated with a return code of -9.
[2025-03-13 05:06:13] [INFO    ] discord.player: ffmpeg process 219369 has not terminated. Waiting to terminate...
[2025-03-13 05:06:13] [INFO    ] discord.player: ffmpeg process 219369 should have terminated with a return code of -9.
[2025-03-13 05:06:14] [INFO    ] discord.player: ffmpeg process 219373 has not terminated. Waiting to terminate...
[2025-03-13 05:06:14] [INFO    ] discord.player: ffmpeg process 219373 should have terminated with a return code of -9.
[2025-03-13 05:06:14] [INFO    ] discord.player: ffmpeg process 219377 has not terminated. Waiting to terminate...
[2025-03-13 05:06:14] [INFO    ] discord.player: ffmpeg process 219377 should have terminated with a return code of -9.
[2025-03-13 05:06:15] [INFO    ] discord.player: ffmpeg process 219381 has not terminated. Waiting to terminate...
[2025-03-13 05:06:15] [INFO    ] discord.player: ffmpeg process 219381 should have terminated with a return code of -9.
[2025-03-13 05:06:15] [INFO    ] discord.player: ffmpeg process 219386 has not terminated. Waiting to terminate...
[2025-03-13 05:06:15] [INFO    ] discord.player: ffmpeg process 219386 should have terminated with a return code of -9.
[2025-03-13 05:06:16] [INFO    ] discord.player: ffmpeg process 219390 has not terminated. Waiting to terminate...
[2025-03-13 05:06:16] [INFO    ] discord.player: ffmpeg process 219390 should have terminated with a return code of -9.
[2025-03-13 05:06:16] [INFO    ] discord.player: ffmpeg process 219395 has not terminated. Waiting to terminate...
[2025-03-13 05:06:16] [INFO    ] discord.player: ffmpeg process 219395 should have terminated with a return code of -9.
[2025-03-13 05:06:17] [INFO    ] discord.player: ffmpeg process 219399 has not terminated. Waiting to terminate...
[2025-03-13 05:06:17] [INFO    ] discord.player: ffmpeg process 219399 should have terminated with a return code of -9.
[2025-03-13 05:06:18] [INFO    ] discord.player: ffmpeg process 219403 successfully terminated with return code of 0.
[2025-03-13 05:06:47] [INFO    ] discord.player: ffmpeg process 219409 has not terminated. Waiting to terminate...
[2025-03-13 05:06:47] [INFO    ] discord.player: ffmpeg process 219409 should have terminated with a return code of -9.
[2025-03-13 05:06:48] [INFO    ] discord.player: ffmpeg process 219413 has not terminated. Waiting to terminate...
[2025-03-13 05:06:48] [INFO    ] discord.player: ffmpeg process 219413 should have terminated with a return code of -9.
[2025-03-13 05:06:48] [INFO    ] discord.player: ffmpeg process 219417 has not terminated. Waiting to terminate...
[2025-03-13 05:06:48] [INFO    ] discord.player: ffmpeg process 219417 should have terminated with a return code of -9.
[2025-03-13 05:06:48] [INFO    ] discord.player: ffmpeg process 219421 has not terminated. Waiting to terminate...
[2025-03-13 05:06:48] [INFO    ] discord.player: ffmpeg process 219421 should have terminated with a return code of -9.
[2025-03-13 05:06:49] [INFO    ] discord.player: ffmpeg process 219425 has not terminated. Waiting to terminate...
[2025-03-13 05:06:49] [INFO    ] discord.player: ffmpeg process 219425 should have terminated with a return code of -9.
[2025-03-13 05:06:49] [INFO    ] discord.player: ffmpeg process 219429 has not terminated. Waiting to terminate...
[2025-03-13 05:06:49] [INFO    ] discord.player: ffmpeg process 219429 should have terminated with a return code of -9.
[2025-03-13 05:06:49] [INFO    ] discord.player: ffmpeg process 219433 has not terminated. Waiting to terminate...
[2025-03-13 05:06:49] [INFO    ] discord.player: ffmpeg process 219433 should have terminated with a return code of -9.
[2025-03-13 05:06:50] [INFO    ] discord.player: ffmpeg process 219437 has not terminated. Waiting to terminate...
[2025-03-13 05:06:50] [INFO    ] discord.player: ffmpeg process 219437 should have terminated with a return code of -9.
[2025-03-13 05:06:50] [INFO    ] discord.player: ffmpeg process 219441 has not terminated. Waiting to terminate...
[2025-03-13 05:06:50] [INFO    ] discord.player: ffmpeg process 219441 should have terminated with a return code of -9.
[2025-03-13 05:06:50] [INFO    ] discord.player: ffmpeg process 219445 has not terminated. Waiting to terminate...
[2025-03-13 05:06:50] [INFO    ] discord.player: ffmpeg process 219445 should have terminated with a return code of -9.
[2025-03-13 05:06:50] [INFO    ] discord.player: ffmpeg process 219450 successfully terminated with return code of -9.
[2025-03-13 05:06:51] [INFO    ] discord.player: ffmpeg process 219455 has not terminated. Waiting to terminate...
[2025-03-13 05:06:51] [INFO    ] discord.player: ffmpeg process 219455 should have terminated with a return code of -9.
[2025-03-13 05:06:51] [INFO    ] discord.player: ffmpeg process 219459 has not terminated. Waiting to terminate...
[2025-03-13 05:06:51] [INFO    ] discord.player: ffmpeg process 219459 should have terminated with a return code of -9.
[2025-03-13 05:06:51] [INFO    ] discord.player: ffmpeg process 219463 has not terminated. Waiting to terminate...
[2025-03-13 05:06:51] [INFO    ] discord.player: ffmpeg process 219463 should have terminated with a return code of -9.
[2025-03-13 05:06:52] [INFO    ] discord.player: ffmpeg process 219467 has not terminated. Waiting to terminate...
[2025-03-13 05:06:52] [INFO    ] discord.player: ffmpeg process 219467 should have terminated with a return code of -9.
[2025-03-13 05:06:52] [INFO    ] discord.player: ffmpeg process 219471 has not terminated. Waiting to terminate...
[2025-03-13 05:06:52] [INFO    ] discord.player: ffmpeg process 219471 should have terminated with a return code of -9.
[2025-03-13 05:06:52] [INFO    ] discord.player: ffmpeg process 219475 has not terminated. Waiting to terminate...
[2025-03-13 05:06:52] [INFO    ] discord.player: ffmpeg process 219475 should have terminated with a return code of -9.
[2025-03-13 05:06:53] [INFO    ] discord.player: ffmpeg process 219479 has not terminated. Waiting to terminate...
[2025-03-13 05:06:53] [INFO    ] discord.player: ffmpeg process 219479 should have terminated with a return code of -9.
[2025-03-13 05:06:53] [INFO    ] discord.player: ffmpeg process 219483 has not terminated. Waiting to terminate...
[2025-03-13 05:06:53] [INFO    ] discord.player: ffmpeg process 219483 should have terminated with a return code of -9.
[2025-03-13 05:06:53] [INFO    ] discord.player: ffmpeg process 219487 has not terminated. Waiting to terminate...
[2025-03-13 05:06:53] [INFO    ] discord.player: ffmpeg process 219487 should have terminated with a return code of -9.
[2025-03-13 05:06:53] [INFO    ] discord.player: ffmpeg process 219491 has not terminated. Waiting to terminate...
[2025-03-13 05:06:53] [INFO    ] discord.player: ffmpeg process 219491 should have terminated with a return code of -9.
[2025-03-13 05:06:54] [INFO    ] discord.player: ffmpeg process 219495 has not terminated. Waiting to terminate...
[2025-03-13 05:06:54] [INFO    ] discord.player: ffmpeg process 219495 should have terminated with a return code of -9.
[2025-03-13 05:06:54] [INFO    ] discord.player: ffmpeg process 219499 has not terminated. Waiting to terminate...
[2025-03-13 05:06:54] [INFO    ] discord.player: ffmpeg process 219499 should have terminated with a return code of -9.
[2025-03-13 05:06:54] [INFO    ] discord.player: ffmpeg process 219503 has not terminated. Waiting to terminate...
[2025-03-13 05:06:54] [INFO    ] discord.player: ffmpeg process 219503 should have terminated with a return code of -9.
[2025-03-13 05:06:55] [INFO    ] discord.player: ffmpeg process 219507 has not terminated. Waiting to terminate...
[2025-03-13 05:06:55] [INFO    ] discord.player: ffmpeg process 219507 should have terminated with a return code of -9.
[2025-03-13 05:06:55] [INFO    ] discord.player: ffmpeg process 219511 has not terminated. Waiting to terminate...
[2025-03-13 05:06:55] [INFO    ] discord.player: ffmpeg process 219511 should have terminated with a return code of -9.
[2025-03-13 05:06:55] [INFO    ] discord.player: ffmpeg process 219515 has not terminated. Waiting to terminate...
[2025-03-13 05:06:55] [INFO    ] discord.player: ffmpeg process 219515 should have terminated with a return code of -9.
[2025-03-13 05:06:56] [INFO    ] discord.player: ffmpeg process 219519 has not terminated. Waiting to terminate...
[2025-03-13 05:06:56] [INFO    ] discord.player: ffmpeg process 219519 should have terminated with a return code of -9.
[2025-03-13 05:06:56] [INFO    ] discord.player: ffmpeg process 219523 has not terminated. Waiting to terminate...
[2025-03-13 05:06:56] [INFO    ] discord.player: ffmpeg process 219523 should have terminated with a return code of -9.
[2025-03-13 05:06:57] [INFO    ] discord.player: ffmpeg process 219527 successfully terminated with return code of 0.
[2025-03-13 05:09:58] [INFO    ] discord.voice_state: The voice handshake is being terminated for Channel ID 212770924607438848 (Guild ID 134415388233433089)
[2025-03-13 06:05:13] [INFO    ] discord.gateway: Shard ID None has successfully RESUMED session 8b2424273da03beac3198b244088d1d4.
[2025-03-13 06:56:06] [INFO    ] discord.gateway: Shard ID None has successfully RESUMED session 8b2424273da03beac3198b244088d1d4.
[2025-03-13 08:47:52] [INFO    ] discord.gateway: Shard ID None has successfully RESUMED session 8b2424273da03beac3198b244088d1d4.
[2025-03-13 10:53:54] [INFO    ] discord.gateway: Shard ID None has successfully RESUMED session 8b2424273da03beac3198b244088d1d4.
[2025-03-13 11:41:21] [INFO    ] discord.gateway: Shard ID None has successfully RESUMED session 8b2424273da03beac3198b244088d1d4.
[2025-03-13 12:19:28] [INFO    ] discord.gateway: Shard ID None has successfully RESUMED session 8b2424273da03beac3198b244088d1d4.
[2025-03-13 14:05:08] [INFO    ] discord.gateway: Shard ID None has successfully RESUMED session 8b2424273da03beac3198b244088d1d4.
[2025-03-13 14:27:13] [INFO    ] discord.gateway: Shard ID None has successfully RESUMED session 8b2424273da03beac3198b244088d1d4.
[2025-03-13 14:59:31] [INFO    ] discord.gateway: Shard ID None has successfully RESUMED session 8b2424273da03beac3198b244088d1d4.
[2025-03-13 15:52:56] [INFO    ] discord.gateway: Shard ID None has successfully RESUMED session 8b2424273da03beac3198b244088d1d4.
[2025-03-13 16:23:37] [INFO    ] discord.gateway: Shard ID None has successfully RESUMED session 8b2424273da03beac3198b244088d1d4.
[2025-03-13 16:26:16] [INFO    ] discord.gateway: Shard ID None has successfully RESUMED session 8b2424273da03beac3198b244088d1d4.
[2025-03-13 17:45:20] [INFO    ] discord.gateway: Shard ID None has successfully RESUMED session 8b2424273da03beac3198b244088d1d4.
[2025-03-13 17:50:50] [INFO    ] discord.gateway: Shard ID None has successfully RESUMED session 8b2424273da03beac3198b244088d1d4.
[2025-03-13 19:47:47] [INFO    ] discord.gateway: Shard ID None has successfully RESUMED session 8b2424273da03beac3198b244088d1d4.
[2025-03-13 20:06:03] [INFO    ] discord.gateway: Shard ID None has successfully RESUMED session 8b2424273da03beac3198b244088d1d4.
[2025-03-13 22:36:48] [INFO    ] discord.gateway: Shard ID None has successfully RESUMED session 8b2424273da03beac3198b244088d1d4.
[2025-03-13 23:51:45] [INFO    ] discord.gateway: Shard ID None has successfully RESUMED session 8b2424273da03beac3198b244088d1d4.
[2025-03-14 01:24:19] [INFO    ] discord.gateway: Shard ID None has successfully RESUMED session 8b2424273da03beac3198b244088d1d4.
[2025-03-14 02:02:43] [INFO    ] discord.gateway: Shard ID None has successfully RESUMED session 8b2424273da03beac3198b244088d1d4.
[2025-03-14 04:01:40] [INFO    ] discord.gateway: Shard ID None has successfully RESUMED session 8b2424273da03beac3198b244088d1d4.
[2025-03-14 04:04:25] [INFO    ] discord.gateway: Shard ID None has successfully RESUMED session 8b2424273da03beac3198b244088d1d4.
[2025-03-14 04:07:10] [INFO    ] discord.gateway: Shard ID None has successfully RESUMED session 8b2424273da03beac3198b244088d1d4.
[2025-03-14 04:07:52] [INFO    ] discord.gateway: Shard ID None has successfully RESUMED session 8b2424273da03beac3198b244088d1d4.
[2025-03-14 04:11:57] [INFO    ] discord.gateway: Shard ID None has successfully RESUMED session 8b2424273da03beac3198b244088d1d4.
[2025-03-14 04:49:48] [INFO    ] discord.gateway: Shard ID None has successfully RESUMED session 8b2424273da03beac3198b244088d1d4.
[2025-03-14 05:32:46] [INFO    ] discord.voice_state: Connecting to voice...
[2025-03-14 05:32:46] [INFO    ] discord.voice_state: Starting voice handshake... (connection attempt 1)
[2025-03-14 05:32:46] [INFO    ] discord.voice_state: Voice handshake complete. Endpoint found: newark1803.discord.media
[2025-03-14 05:32:46] [INFO    ] discord.voice_state: Voice connection complete.
[2025-03-14 05:32:55] [INFO    ] discord.player: ffmpeg process 234389 successfully terminated with return code of 0.
[2025-03-14 05:33:04] [INFO    ] discord.player: ffmpeg process 234397 successfully terminated with return code of 0.
[2025-03-14 05:46:48] [INFO    ] discord.player: ffmpeg process 234517 successfully terminated with return code of 0.
[2025-03-14 05:47:00] [INFO    ] discord.player: ffmpeg process 234523 successfully terminated with return code of 0.
[2025-03-14 05:48:30] [INFO    ] discord.player: ffmpeg process 234537 successfully terminated with return code of 0.
[2025-03-14 05:50:00] [INFO    ] discord.player: ffmpeg process 234556 successfully terminated with return code of 0.
[2025-03-14 05:51:30] [INFO    ] discord.player: ffmpeg process 234577 successfully terminated with return code of 0.
[2025-03-14 06:01:40] [INFO    ] discord.voice_state: The voice handshake is being terminated for Channel ID 134415388233433090 (Guild ID 134415388233433089)
